<?xml version="1.0" encoding="UTF-8"?>
<testng-results ignored="0" total="1" passed="1" failed="0" skipped="0">
  <reporter-output>
  </reporter-output>
  <suite started-at="2023-05-23T21:15:02 CDT" name="Default suite" finished-at="2023-05-23T21:15:08 CDT" duration-ms="6635">
    <groups>
    </groups>
    <test started-at="2023-05-23T21:15:02 CDT" name="Default test" finished-at="2023-05-23T21:15:08 CDT" duration-ms="6635">
      <class name="test.AddNewAccount">
        <test-method signature="userShouldBeAbleToTransferMoney()[pri:0, instance:test.AddNewAccount@815b41f]" started-at="2023-05-23T21:15:02 CDT" name="userShouldBeAbleToTransferMoney" finished-at="2023-05-23T21:15:08 CDT" duration-ms="6357" status="PASS">
          <reporter-output>
          </reporter-output>
        </test-method> <!-- userShouldBeAbleToTransferMoney -->
        <test-method is-config="true" signature="close()[pri:0, instance:test.AddNewAccount@815b41f]" started-at="2023-05-23T21:15:08 CDT" name="close" finished-at="2023-05-23T21:15:08 CDT" duration-ms="231" status="PASS">
          <reporter-output>
          </reporter-output>
        </test-method> <!-- close -->
      </class> <!-- test.AddNewAccount -->
    </test> <!-- Default test -->
  </suite> <!-- Default suite -->
</testng-results>
