<?xml version="1.0" encoding="UTF-8"?>
<testng-results ignored="0" total="1" passed="1" failed="0" skipped="0">
  <reporter-output>
  </reporter-output>
  <suite started-at="2023-05-24T11:23:07 CDT" name="Default suite" finished-at="2023-05-24T11:23:25 CDT" duration-ms="17378">
    <groups>
    </groups>
    <test started-at="2023-05-24T11:23:07 CDT" name="Default test" finished-at="2023-05-24T11:23:25 CDT" duration-ms="17378">
      <class name="test.MoneyTransfer">
        <test-method signature="userShouldBeAbleToTransferMoney()[pri:0, instance:test.MoneyTransfer@5542c4ed]" started-at="2023-05-24T11:23:07 CDT" name="userShouldBeAbleToTransferMoney" finished-at="2023-05-24T11:23:24 CDT" duration-ms="17157" status="PASS">
          <reporter-output>
          </reporter-output>
        </test-method> <!-- userShouldBeAbleToTransferMoney -->
        <test-method is-config="true" signature="close()[pri:0, instance:test.MoneyTransfer@5542c4ed]" started-at="2023-05-24T11:23:24 CDT" name="close" finished-at="2023-05-24T11:23:25 CDT" duration-ms="195" status="PASS">
          <reporter-output>
          </reporter-output>
        </test-method> <!-- close -->
      </class> <!-- test.MoneyTransfer -->
    </test> <!-- Default test -->
  </suite> <!-- Default suite -->
</testng-results>
